Analysis & Synthesis report for LogicalStep_Lab2
Sat Jun 20 20:08:50 2020
Quartus Prime Version 19.1.0 Build 670 09/22/2019 SJ Lite Edition


---------------------
; Table of Contents ;
---------------------
  1. Legal Notice
  2. Analysis & Synthesis Summary
  3. Analysis & Synthesis Settings
  4. Parallel Compilation
  5. Port Connectivity Checks: "aluSteveNingzhi:inst1|full_adder_4bit:getAdd"
  6. Analysis & Synthesis Messages



----------------
; Legal Notice ;
----------------
Copyright (C) 2019  Intel Corporation. All rights reserved.
Your use of Intel Corporation's design tools, logic functions 
and other software and tools, and any partner logic 
functions, and any output files from any of the foregoing 
(including device programming or simulation files), and any 
associated documentation or information are expressly subject 
to the terms and conditions of the Intel Program License 
Subscription Agreement, the Intel Quartus Prime License Agreement,
the Intel FPGA IP License Agreement, or other applicable license
agreement, including, without limitation, that your use is for
the sole purpose of programming logic devices manufactured by
Intel and sold by Intel or its authorized distributors.  Please
refer to the applicable agreement for further details, at
https://fpgasoftware.intel.com/eula.



+----------------------------------------------------------------------------------+
; Analysis & Synthesis Summary                                                     ;
+------------------------------------+---------------------------------------------+
; Analysis & Synthesis Status        ; Failed - Sat Jun 20 20:08:50 2020           ;
; Quartus Prime Version              ; 19.1.0 Build 670 09/22/2019 SJ Lite Edition ;
; Revision Name                      ; LogicalStep_Lab2                            ;
; Top-level Entity Name              ; LogicalStep_Lab2_top                        ;
; Family                             ; MAX 10                                      ;
; Total logic elements               ; N/A until Partition Merge                   ;
;     Total combinational functions  ; N/A until Partition Merge                   ;
;     Dedicated logic registers      ; N/A until Partition Merge                   ;
; Total registers                    ; N/A until Partition Merge                   ;
; Total pins                         ; N/A until Partition Merge                   ;
; Total virtual pins                 ; N/A until Partition Merge                   ;
; Total memory bits                  ; N/A until Partition Merge                   ;
; Embedded Multiplier 9-bit elements ; N/A until Partition Merge                   ;
; Total PLLs                         ; N/A until Partition Merge                   ;
; UFM blocks                         ; N/A until Partition Merge                   ;
; ADC blocks                         ; N/A until Partition Merge                   ;
+------------------------------------+---------------------------------------------+


+--------------------------------------------------------------------------------------------------------------+
; Analysis & Synthesis Settings                                                                                ;
+------------------------------------------------------------------+----------------------+--------------------+
; Option                                                           ; Setting              ; Default Value      ;
+------------------------------------------------------------------+----------------------+--------------------+
; Device                                                           ; 10M08DAF484C8G       ;                    ;
; Top-level entity name                                            ; LogicalStep_Lab2_top ; LogicalStep_Lab2   ;
; Family name                                                      ; MAX 10               ; Cyclone V          ;
; Use smart compilation                                            ; Off                  ; Off                ;
; Enable parallel Assembler and Timing Analyzer during compilation ; On                   ; On                 ;
; Enable compact report table                                      ; Off                  ; Off                ;
; Restructure Multiplexers                                         ; Auto                 ; Auto               ;
; Create Debugging Nodes for IP Cores                              ; Off                  ; Off                ;
; Preserve fewer node names                                        ; On                   ; On                 ;
; Intel FPGA IP Evaluation Mode                                    ; Enable               ; Enable             ;
; Verilog Version                                                  ; Verilog_2001         ; Verilog_2001       ;
; VHDL Version                                                     ; VHDL_1993            ; VHDL_1993          ;
; State Machine Processing                                         ; Auto                 ; Auto               ;
; Safe State Machine                                               ; Off                  ; Off                ;
; Extract Verilog State Machines                                   ; On                   ; On                 ;
; Extract VHDL State Machines                                      ; On                   ; On                 ;
; Ignore Verilog initial constructs                                ; Off                  ; Off                ;
; Iteration limit for constant Verilog loops                       ; 5000                 ; 5000               ;
; Iteration limit for non-constant Verilog loops                   ; 250                  ; 250                ;
; Add Pass-Through Logic to Inferred RAMs                          ; On                   ; On                 ;
; Infer RAMs from Raw Logic                                        ; On                   ; On                 ;
; Parallel Synthesis                                               ; On                   ; On                 ;
; DSP Block Balancing                                              ; Auto                 ; Auto               ;
; NOT Gate Push-Back                                               ; On                   ; On                 ;
; Power-Up Don't Care                                              ; On                   ; On                 ;
; Remove Redundant Logic Cells                                     ; Off                  ; Off                ;
; Remove Duplicate Registers                                       ; On                   ; On                 ;
; Ignore CARRY Buffers                                             ; Off                  ; Off                ;
; Ignore CASCADE Buffers                                           ; Off                  ; Off                ;
; Ignore GLOBAL Buffers                                            ; Off                  ; Off                ;
; Ignore ROW GLOBAL Buffers                                        ; Off                  ; Off                ;
; Ignore LCELL Buffers                                             ; Off                  ; Off                ;
; Ignore SOFT Buffers                                              ; On                   ; On                 ;
; Limit AHDL Integers to 32 Bits                                   ; Off                  ; Off                ;
; Optimization Technique                                           ; Balanced             ; Balanced           ;
; Carry Chain Length                                               ; 70                   ; 70                 ;
; Auto Carry Chains                                                ; On                   ; On                 ;
; Auto Open-Drain Pins                                             ; On                   ; On                 ;
; Perform WYSIWYG Primitive Resynthesis                            ; Off                  ; Off                ;
; Auto ROM Replacement                                             ; On                   ; On                 ;
; Auto RAM Replacement                                             ; On                   ; On                 ;
; Auto DSP Block Replacement                                       ; On                   ; On                 ;
; Auto Shift Register Replacement                                  ; Auto                 ; Auto               ;
; Allow Shift Register Merging across Hierarchies                  ; Auto                 ; Auto               ;
; Auto Clock Enable Replacement                                    ; On                   ; On                 ;
; Strict RAM Replacement                                           ; Off                  ; Off                ;
; Allow Synchronous Control Signals                                ; On                   ; On                 ;
; Force Use of Synchronous Clear Signals                           ; Off                  ; Off                ;
; Auto RAM Block Balancing                                         ; On                   ; On                 ;
; Auto RAM to Logic Cell Conversion                                ; Off                  ; Off                ;
; Auto Resource Sharing                                            ; Off                  ; Off                ;
; Allow Any RAM Size For Recognition                               ; Off                  ; Off                ;
; Allow Any ROM Size For Recognition                               ; Off                  ; Off                ;
; Allow Any Shift Register Size For Recognition                    ; Off                  ; Off                ;
; Use LogicLock Constraints during Resource Balancing              ; On                   ; On                 ;
; Ignore translate_off and synthesis_off directives                ; Off                  ; Off                ;
; Timing-Driven Synthesis                                          ; On                   ; On                 ;
; Report Parameter Settings                                        ; On                   ; On                 ;
; Report Source Assignments                                        ; On                   ; On                 ;
; Report Connectivity Checks                                       ; On                   ; On                 ;
; Ignore Maximum Fan-Out Assignments                               ; Off                  ; Off                ;
; Synchronization Register Chain Length                            ; 2                    ; 2                  ;
; Power Optimization During Synthesis                              ; Normal compilation   ; Normal compilation ;
; HDL message level                                                ; Level2               ; Level2             ;
; Suppress Register Optimization Related Messages                  ; Off                  ; Off                ;
; Number of Removed Registers Reported in Synthesis Report         ; 5000                 ; 5000               ;
; Number of Swept Nodes Reported in Synthesis Report               ; 5000                 ; 5000               ;
; Number of Inverted Registers Reported in Synthesis Report        ; 100                  ; 100                ;
; Clock MUX Protection                                             ; On                   ; On                 ;
; Auto Gated Clock Conversion                                      ; Off                  ; Off                ;
; Block Design Naming                                              ; Auto                 ; Auto               ;
; SDC constraint protection                                        ; Off                  ; Off                ;
; Synthesis Effort                                                 ; Auto                 ; Auto               ;
; Shift Register Replacement - Allow Asynchronous Clear Signal     ; On                   ; On                 ;
; Pre-Mapping Resynthesis Optimization                             ; Off                  ; Off                ;
; Analysis & Synthesis Message Level                               ; Medium               ; Medium             ;
; Disable Register Merging Across Hierarchies                      ; Auto                 ; Auto               ;
; Resource Aware Inference For Block RAM                           ; On                   ; On                 ;
+------------------------------------------------------------------+----------------------+--------------------+


+------------------------------------------+
; Parallel Compilation                     ;
+----------------------------+-------------+
; Processors                 ; Number      ;
+----------------------------+-------------+
; Number detected on machine ; 4           ;
; Maximum allowed            ; 2           ;
;                            ;             ;
; Average used               ; 1.00        ;
; Maximum used               ; 1           ;
;                            ;             ;
; Usage by Processor         ; % Time Used ;
;     Processor 1            ; 100.0%      ;
+----------------------------+-------------+


+--------------------------------------------------------------------------+
; Port Connectivity Checks: "aluSteveNingzhi:inst1|full_adder_4bit:getAdd" ;
+------+-------+----------+------------------------------------------------+
; Port ; Type  ; Severity ; Details                                        ;
+------+-------+----------+------------------------------------------------+
; cin  ; Input ; Info     ; Stuck at GND                                   ;
+------+-------+----------+------------------------------------------------+


+-------------------------------+
; Analysis & Synthesis Messages ;
+-------------------------------+
Info: *******************************************************************
Info: Running Quartus Prime Analysis & Synthesis
    Info: Version 19.1.0 Build 670 09/22/2019 SJ Lite Edition
    Info: Processing started: Sat Jun 20 20:08:25 2020
Info: Command: quartus_map --read_settings_files=on --write_settings_files=off LogicalStep_Lab2 -c LogicalStep_Lab2
Warning (18236): Number of processors has not been specified which may cause overloading on shared machines.  Set the global assignment NUM_PARALLEL_PROCESSORS in your QSF to an appropriate value for best performance.
Info (20030): Parallel compilation is enabled and will use 2 of the 2 processors detected
Info (12021): Found 2 design units, including 1 entities, in source file hex_mux.vhd
    Info (12022): Found design unit 1: hex_mux-mux_logic File: N:/ECE-125/Lab2/hex_mux.vhd Line: 14
    Info (12023): Found entity 1: hex_mux File: N:/ECE-125/Lab2/hex_mux.vhd Line: 5
Info (12021): Found 2 design units, including 1 entities, in source file alusteveningzhi.vhd
    Info (12022): Found design unit 1: aluSteveNingzhi-Circuit File: N:/ECE-125/Lab2/aluSteveNingzhi.vhd Line: 18
    Info (12023): Found entity 1: aluSteveNingzhi File: N:/ECE-125/Lab2/aluSteveNingzhi.vhd Line: 7
Info (12021): Found 2 design units, including 1 entities, in source file logical_processor_steveningzhi.vhd
    Info (12022): Found design unit 1: logical_processor_steveningzhi-Log_Circuit File: N:/ECE-125/Lab2/logical_processor_steveningzhi.vhd Line: 15
    Info (12023): Found entity 1: logical_processor_steveningzhi File: N:/ECE-125/Lab2/logical_processor_steveningzhi.vhd Line: 7
Info (12021): Found 2 design units, including 1 entities, in source file full_adder_4bit.vhd
    Info (12022): Found design unit 1: full_adder_4bit-Circuit File: N:/ECE-125/Lab2/full_adder_4bit.vhd Line: 16
    Info (12023): Found entity 1: full_adder_4bit File: N:/ECE-125/Lab2/full_adder_4bit.vhd Line: 7
Info (12021): Found 2 design units, including 1 entities, in source file full_adder_1bit.vhd
    Info (12022): Found design unit 1: full_adder_1bit-Circuit File: N:/ECE-125/Lab2/full_adder_1bit.vhd Line: 15
    Info (12023): Found entity 1: full_adder_1bit File: N:/ECE-125/Lab2/full_adder_1bit.vhd Line: 7
Info (12021): Found 2 design units, including 1 entities, in source file logicalstep_lab2_top.vhd
    Info (12022): Found design unit 1: LogicalStep_Lab2_top-Circuit File: N:/ECE-125/Lab2/LogicalStep_Lab2_top.vhd Line: 14
    Info (12023): Found entity 1: LogicalStep_Lab2_top File: N:/ECE-125/Lab2/LogicalStep_Lab2_top.vhd Line: 6
Info (12127): Elaborating entity "LogicalStep_Lab2_top" for the top level hierarchy
Info (12128): Elaborating entity "aluSteveNingzhi" for hierarchy "aluSteveNingzhi:inst1" File: N:/ECE-125/Lab2/LogicalStep_Lab2_top.vhd Line: 58
Warning (10541): VHDL Signal Declaration warning at aluSteveNingzhi.vhd(12): used implicit default value for signal "logResult" because signal was never assigned a value or an explicit default value. Use of implicit default value may introduce unintended design optimizations. File: N:/ECE-125/Lab2/aluSteveNingzhi.vhd Line: 12
Info (12128): Elaborating entity "hex_mux" for hierarchy "aluSteveNingzhi:inst1|hex_mux:getA" File: N:/ECE-125/Lab2/aluSteveNingzhi.vhd Line: 64
Info (12128): Elaborating entity "logical_processor_steveningzhi" for hierarchy "aluSteveNingzhi:inst1|logical_processor_steveningzhi:getLogic" File: N:/ECE-125/Lab2/aluSteveNingzhi.vhd Line: 75
Info (12128): Elaborating entity "full_adder_4bit" for hierarchy "aluSteveNingzhi:inst1|full_adder_4bit:getAdd" File: N:/ECE-125/Lab2/aluSteveNingzhi.vhd Line: 81
Info (12128): Elaborating entity "full_adder_1bit" for hierarchy "aluSteveNingzhi:inst1|full_adder_4bit:getAdd|full_adder_1bit:adder0" File: N:/ECE-125/Lab2/full_adder_4bit.vhd Line: 42
Error (12014): Net "leds[3]", which fans out to "leds[3]", cannot be assigned more than one value File: N:/ECE-125/Lab2/LogicalStep_Lab2_top.vhd Line: 9
    Error (12015): Net is fed by "aluSteveNingzhi:inst1|logResult[3]" File: N:/ECE-125/Lab2/aluSteveNingzhi.vhd Line: 12
    Error (12015): Net is fed by "aluSteveNingzhi:inst1|addResult[3]" File: N:/ECE-125/Lab2/aluSteveNingzhi.vhd Line: 13
Error (12014): Net "leds[2]", which fans out to "leds[2]", cannot be assigned more than one value File: N:/ECE-125/Lab2/LogicalStep_Lab2_top.vhd Line: 9
    Error (12015): Net is fed by "aluSteveNingzhi:inst1|logResult[2]" File: N:/ECE-125/Lab2/aluSteveNingzhi.vhd Line: 12
    Error (12015): Net is fed by "aluSteveNingzhi:inst1|addResult[2]" File: N:/ECE-125/Lab2/aluSteveNingzhi.vhd Line: 13
Error (12014): Net "leds[1]", which fans out to "leds[1]", cannot be assigned more than one value File: N:/ECE-125/Lab2/LogicalStep_Lab2_top.vhd Line: 9
    Error (12015): Net is fed by "aluSteveNingzhi:inst1|logResult[1]" File: N:/ECE-125/Lab2/aluSteveNingzhi.vhd Line: 12
    Error (12015): Net is fed by "aluSteveNingzhi:inst1|addResult[1]" File: N:/ECE-125/Lab2/aluSteveNingzhi.vhd Line: 13
Error (12014): Net "leds[0]", which fans out to "leds[0]", cannot be assigned more than one value File: N:/ECE-125/Lab2/LogicalStep_Lab2_top.vhd Line: 9
    Error (12015): Net is fed by "aluSteveNingzhi:inst1|logResult[0]" File: N:/ECE-125/Lab2/aluSteveNingzhi.vhd Line: 12
    Error (12015): Net is fed by "aluSteveNingzhi:inst1|addResult[0]" File: N:/ECE-125/Lab2/aluSteveNingzhi.vhd Line: 13
Error: Quartus Prime Analysis & Synthesis was unsuccessful. 12 errors, 2 warnings
    Error: Peak virtual memory: 4777 megabytes
    Error: Processing ended: Sat Jun 20 20:08:51 2020
    Error: Elapsed time: 00:00:26
    Error: Total CPU time (on all processors): 00:00:19


